2023-04-22 17:24:39 - Neovide panicked with the message 'Resize failed: DecodeError(ReaderError(Custom { kind: UnexpectedEof, error: "EOF" }), "nvim_ui_try_resize")'. (File: src\bridge\ui_commands.rs; Line: 139, Column: 18)
   0: <unknown>
   1: <unknown>
   2: <unknown>
   3: <unknown>
   4: <unknown>
   5: <unknown>
   6: <unknown>
   7: <unknown>
   8: <unknown>
   9: <unknown>
  10: <unknown>
  11: <unknown>
  12: <unknown>
  13: <unknown>
  14: <unknown>
  15: <unknown>
  16: BaseThreadInitThunk
  17: RtlUserThreadStart

2023-04-22 17:24:40 - Neovide panicked with the message 'called `Result::unwrap()` on an `Err` value: SendError(Serial(Keyboard("P")))'. (File: src\event_aggregator.rs; Line: 55, Column: 28)
   0: <unknown>
   1: <unknown>
   2: <unknown>
   3: <unknown>
   4: <unknown>
   5: <unknown>
   6: <unknown>
   7: <unknown>
   8: <unknown>
   9: <unknown>
  10: <unknown>
  11: <unknown>
  12: <unknown>
  13: <unknown>
  14: DefSubclassProc
  15: DefSubclassProc
  16: DispatchMessageW
  17: DispatchMessageW
  18: GetClassLongW
  19: KiUserCallbackDispatcher
  20: NtUserDispatchMessage
  21: DispatchMessageW
  22: <unknown>
  23: <unknown>
  24: <unknown>
  25: <unknown>
  26: <unknown>
  27: <unknown>
  28: <unknown>
  29: BaseThreadInitThunk
  30: RtlUserThreadStart

